  Source.cpp
D:\Programming\GameDev\Learn C++\C++ My Code\DSA + LEETCODE\QuickSort\QuickSort\Src\Quick.h(73,48): warning C4267: 'argument': conversion from 'size_t' to 'int', possible loss of data
  (compiling source file 'Src/Source.cpp')
      D:\Programming\GameDev\Learn C++\C++ My Code\DSA + LEETCODE\QuickSort\QuickSort\Src\Quick.h(73,48):
      the template instantiation context (the oldest one first) is
          D:\Programming\GameDev\Learn C++\C++ My Code\DSA + LEETCODE\QuickSort\QuickSort\Src\Source.cpp(6,17):
          see reference to class template instantiation 'Quick<int,7>' being compiled
          D:\Programming\GameDev\Learn C++\C++ My Code\DSA + LEETCODE\QuickSort\QuickSort\Src\Quick.h(72,41):
          while compiling class template member function 'std::array<T,7> Quick<T,7>::sort(void)'
          with
          [
              T=int
          ]
              D:\Programming\GameDev\Learn C++\C++ My Code\DSA + LEETCODE\QuickSort\QuickSort\Src\Source.cpp(7,9):
              see the first reference to 'Quick<int,7>::sort' in 'main'
  
D:\Programming\GameDev\Learn C++\C++ My Code\DSA + LEETCODE\QuickSort\QuickSort\Src\Quick.h(62,50): warning C4267: 'argument': conversion from 'size_t' to 'int', possible loss of data
  (compiling source file 'Src/Source.cpp')
      D:\Programming\GameDev\Learn C++\C++ My Code\DSA + LEETCODE\QuickSort\QuickSort\Src\Quick.h(62,50):
      the template instantiation context (the oldest one first) is
          D:\Programming\GameDev\Learn C++\C++ My Code\DSA + LEETCODE\QuickSort\QuickSort\Src\Quick.h(72,41):
          while compiling class template member function 'std::array<T,7> Quick<T,7>::sort(void)'
          with
          [
              T=int
          ]
              D:\Programming\GameDev\Learn C++\C++ My Code\DSA + LEETCODE\QuickSort\QuickSort\Src\Source.cpp(7,9):
              see the first reference to 'Quick<int,7>::sort' in 'main'
          D:\Programming\GameDev\Learn C++\C++ My Code\DSA + LEETCODE\QuickSort\QuickSort\Src\Quick.h(23,75):
          while compiling class template member function 'std::array<T,7> Quick<T,7>::pivoit(int,int,bool)'
          with
          [
              T=int
          ]
  
  QuickSort.vcxproj -> D:\Programming\GameDev\Learn C++\C++ My Code\DSA + LEETCODE\QuickSort\bin\x64\Debug\QuickSort.exe
